<?xml version="1.0" encoding="UTF-8"?>
<!-- Generated by org.testng.reporters.JUnitReportReporter -->
<testsuite skipped="0" hostname="DESKTOP-U5JUOI7" name="Drop.Droppable" tests="1" failures="0" timestamp="2020-05-22T13:35:47 IST" time="51.688" errors="0">
  <testcase name="set" time="51.688" classname="Drop.Droppable"/>
  <system-out/>
</testsuite> <!-- Drop.Droppable -->
