<?xml version="1.0" encoding="UTF-8"?>
<!-- Generated by org.testng.reporters.JUnitReportReporter -->
<testsuite skipped="0" hostname="DESKTOP-U5JUOI7" name="Sample.TestFrames" tests="1" failures="0" timestamp="2020-05-22T17:51:22 IST" time="28.890" errors="0">
  <testcase name="setup" time="28.890" classname="Sample.TestFrames"/>
  <system-out/>
</testsuite> <!-- Sample.TestFrames -->
