<?xml version="1.0" encoding="UTF-8"?>
<!-- Generated by org.testng.reporters.JUnitReportReporter -->
<testsuite skipped="0" hostname="DESKTOP-U5JUOI7" name="Test.test_1" tests="1" failures="0" timestamp="2020-05-27T11:51:36 IST" time="20.074" errors="0">
  <testcase name="exp_wait" time="20.074" classname="Test.test_1"/>
  <system-out/>
</testsuite> <!-- Test.test_1 -->
