<?xml version="1.0" encoding="UTF-8"?>
<!-- Generated by org.testng.reporters.JUnitReportReporter -->
<testsuite skipped="0" hostname="DESKTOP-U5JUOI7" name="Com.Sulekha.listingPage.TestListingPage" tests="5" failures="0" timestamp="2020-05-28T18:43:06 IST" time="50.317" errors="0">
  <testcase name="Get_Quote" time="10.909" classname="Com.Sulekha.listingPage.TestListingPage"/>
  <system-out/>
  <testcase name="Save_To_Phone" time="9.707" classname="Com.Sulekha.listingPage.TestListingPage"/>
  <system-out/>
  <testcase name="Filter_listing" time="5.048" classname="Com.Sulekha.listingPage.TestListingPage"/>
  <system-out/>
  <testcase name="Listing_ViewMore" time="11.173" classname="Com.Sulekha.listingPage.TestListingPage"/>
  <system-out/>
  <testcase name="Filter_locality" time="13.480" classname="Com.Sulekha.listingPage.TestListingPage"/>
  <system-out/>
</testsuite> <!-- Com.Sulekha.listingPage.TestListingPage -->
